<?xml version="1.0" encoding="UTF-8"?>
<!-- Generated by org.testng.reporters.JUnitReportReporter -->
<testsuite hostname="DESKTOP-HPAFO50" failures="0" tests="1" name="ExtentReports.BasicReport" time="5.613" errors="0" timestamp="2023-03-31T07:58:22 IST" skipped="0">
  <testcase classname="ExtentReports.BasicReport" name="intialSetUp" time="5.613"/>
  <system-out/>
</testsuite> <!-- ExtentReports.BasicReport -->
