<?xml version="1.0" encoding="UTF-8"?>
<!-- Generated by org.testng.reporters.JUnitReportReporter -->
<testsuite hostname="DESKTOP-HPAFO50" failures="0" tests="1" name="ExtentReports.test1" time="21.759" errors="0" timestamp="2023-04-02T18:25:07 IST" skipped="0">
  <testcase classname="ExtentReports.test1" name="goToGoogleValidation" time="21.759"/>
  <system-out/>
</testsuite> <!-- ExtentReports.test1 -->
