<?xml version="1.0" encoding="UTF-8"?>
<!-- Generated by org.testng.reporters.JUnitReportReporter -->
<testsuite hostname="DESKTOP-HPAFO50" failures="0" tests="1" name="ExtentReports.test3" time="9.380" errors="0" timestamp="2023-03-31T14:58:36 IST" skipped="0">
  <testcase classname="ExtentReports.test3" name="clickOnGmailValidation" time="9.380"/>
  <system-out/>
</testsuite> <!-- ExtentReports.test3 -->
