<?xml version="1.0" encoding="UTF-8"?>
<!-- Generated by org.testng.reporters.JUnitReportReporter -->
<testsuite hostname="DESKTOP-HPAFO50" failures="0" tests="1" name="ExtentReports.test2" time="146.866" errors="0" timestamp="2023-04-02T18:25:07 IST" skipped="0">
  <testcase classname="ExtentReports.test2" name="searchGoogleValidation" time="146.866"/>
  <system-out/>
</testsuite> <!-- ExtentReports.test2 -->
